[debug] [2023-11-08T20:42:04.451Z] ----------------------------------------------------------------------
[debug] [2023-11-08T20:42:04.453Z] Command:       C:\Program Files\nodejs\node.exe C:\Users\victo\AppData\Roaming\npm\node_modules\firebase-tools\lib\bin\firebase.js init
[debug] [2023-11-08T20:42:04.454Z] CLI Version:   12.8.1
[debug] [2023-11-08T20:42:04.454Z] Platform:      win32
[debug] [2023-11-08T20:42:04.454Z] Node Version:  v18.17.1
[debug] [2023-11-08T20:42:04.455Z] Time:          Wed Nov 08 2023 17:42:04 GMT-0300 (hora estándar de Argentina)
[debug] [2023-11-08T20:42:04.455Z] ----------------------------------------------------------------------
[debug] 
[debug] [2023-11-08T20:42:04.535Z] > command requires scopes: ["email","openid","https://www.googleapis.com/auth/cloudplatformprojects.readonly","https://www.googleapis.com/auth/firebase","https://www.googleapis.com/auth/cloud-platform"]
[debug] [2023-11-08T20:42:04.536Z] > authorizing via signed-in user (vavg89.ar@gmail.com)
[info] 
     ######## #### ########  ######## ########     ###     ######  ########
     ##        ##  ##     ## ##       ##     ##  ##   ##  ##       ##
     ######    ##  ########  ######   ########  #########  ######  ######
     ##        ##  ##    ##  ##       ##     ## ##     ##       ## ##
     ##       #### ##     ## ######## ########  ##     ##  ######  ########

You're about to initialize a Firebase project in this directory:

  C:\Users\victo\OneDrive\Escritorio\portfolio-dev-web

Before we get started, keep in mind:

  * You are initializing within an existing Firebase project directory

